<?xml version="1.0" encoding="UTF-8"?>
<!-- Generated by org.testng.reporters.JUnitXMLReporter -->
<testsuite ignored="0" hostname="SSTSL1060" failures="0" tests="5" name="Test" time="0.191" errors="0" timestamp="2021-07-22T08:52:13 IST">
  <testcase classname="qaclickacademy.AppiumTest" name="NativeappAndroid" time="0.028"/>
  <testcase classname="qaclickacademy.AppiumTest" name="iosApps" time="0.004"/>
  <testcase classname="qaclickacademy.SeleniumTest" name="elementsUI" time="0.007"/>
  <testcase classname="qaclickacademy.RestAPITest" name="PostJira" time="0.005"/>
  <testcase classname="qaclickacademy.RestAPITest" name="deleteTwitter" time="0.002"/>
</testsuite> <!-- Test -->
