<?xml version="1.0" encoding="UTF-8"?>
<!-- Generated by org.testng.reporters.JUnitXMLReporter -->
<testsuite hostname="SSTSL1060" ignored="0" name="Test" tests="6" failures="0" timestamp="22 Jul 2021 04:13:16 GMT" time="0.045" errors="0">
  <testcase name="NativeappAndroid" time="0.009" classname="qaclickacademy.AppiumTest"/>
  <testcase name="iosApps" time="0.0" classname="qaclickacademy.AppiumTest"/>
  <testcase name="BrowserAutomation" time="0.001" classname="qaclickacademy.SeleniumTest"/>
  <testcase name="elementsUI" time="0.0" classname="qaclickacademy.SeleniumTest"/>
  <testcase name="PostJira" time="0.0" classname="qaclickacademy.RestAPITest"/>
  <testcase name="deleteTwitter" time="0.0" classname="qaclickacademy.RestAPITest"/>
</testsuite> <!-- Test -->
