<?xml version="1.0" encoding="UTF-8"?>
<testng-results skipped="0" failed="0" ignored="0" total="6" passed="6">
  <reporter-output>
  </reporter-output>
  <suite name="Suite" duration-ms="45" started-at="2021-07-22T04:13:16Z" finished-at="2021-07-22T04:13:16Z">
    <groups>
    </groups>
    <test name="Test" duration-ms="45" started-at="2021-07-22T04:13:16Z" finished-at="2021-07-22T04:13:16Z">
      <class name="qaclickacademy.AppiumTest">
        <test-method status="PASS" signature="NativeappAndroid()[pri:0, instance:qaclickacademy.AppiumTest@2133814f]" name="NativeappAndroid" duration-ms="9" started-at="2021-07-22T04:13:16Z" finished-at="2021-07-22T04:13:16Z">
          <reporter-output>
          </reporter-output>
        </test-method> <!-- NativeappAndroid -->
        <test-method status="PASS" signature="iosApps()[pri:0, instance:qaclickacademy.AppiumTest@2133814f]" name="iosApps" duration-ms="0" started-at="2021-07-22T04:13:16Z" finished-at="2021-07-22T04:13:16Z">
          <reporter-output>
          </reporter-output>
        </test-method> <!-- iosApps -->
      </class> <!-- qaclickacademy.AppiumTest -->
      <class name="qaclickacademy.RestAPITest">
        <test-method status="PASS" signature="PostJira()[pri:0, instance:qaclickacademy.RestAPITest@23986957]" name="PostJira" duration-ms="0" started-at="2021-07-22T04:13:16Z" finished-at="2021-07-22T04:13:16Z">
          <reporter-output>
          </reporter-output>
        </test-method> <!-- PostJira -->
        <test-method status="PASS" signature="deleteTwitter()[pri:0, instance:qaclickacademy.RestAPITest@23986957]" name="deleteTwitter" duration-ms="0" started-at="2021-07-22T04:13:16Z" finished-at="2021-07-22T04:13:16Z">
          <reporter-output>
          </reporter-output>
        </test-method> <!-- deleteTwitter -->
      </class> <!-- qaclickacademy.RestAPITest -->
      <class name="qaclickacademy.SeleniumTest">
        <test-method status="PASS" signature="BrowserAutomation()[pri:0, instance:qaclickacademy.SeleniumTest@4c15e7fd]" name="BrowserAutomation" duration-ms="1" started-at="2021-07-22T04:13:16Z" finished-at="2021-07-22T04:13:16Z">
          <reporter-output>
          </reporter-output>
        </test-method> <!-- BrowserAutomation -->
        <test-method status="PASS" signature="elementsUI()[pri:0, instance:qaclickacademy.SeleniumTest@4c15e7fd]" name="elementsUI" duration-ms="0" started-at="2021-07-22T04:13:16Z" finished-at="2021-07-22T04:13:16Z">
          <reporter-output>
          </reporter-output>
        </test-method> <!-- elementsUI -->
      </class> <!-- qaclickacademy.SeleniumTest -->
    </test> <!-- Test -->
  </suite> <!-- Suite -->
</testng-results>
