<?xml version="1.0" encoding="UTF-8"?>
<testsuite xmlns:xsi="http://www.w3.org/2001/XMLSchema-instance" xsi:noNamespaceSchemaLocation="https://maven.apache.org/surefire/maven-surefire-plugin/xsd/surefire-test-report-3.0.xsd" version="3.0" name="TestSuite" time="2.218" tests="6" errors="0" skipped="0" failures="0">
  <properties>
[...]
</properties>
  <testcase name="NativeappAndroid" classname="qaclickacademy.AppiumTest" time="0.003">
    <system-out><![CDATA[[TestNGContentHandler] [WARN] It is strongly recommended to add "<!DOCTYPE suite SYSTEM "http://testng.org/testng-1.0.dtd" >" at the top of your file, otherwise TestNG may fail or not work as expected.
NativeappAndroid
]]></system-out>
  </testcase>
  <testcase name="iosApps" classname="qaclickacademy.AppiumTest" time="0.002">
    <system-out><![CDATA[iosApps
]]></system-out>
  </testcase>
  <testcase name="BrowserAutomation" classname="qaclickacademy.SeleniumTest" time="0.003">
    <system-out><![CDATA[BrowserAutomation
]]></system-out>
  </testcase>
  <testcase name="elementsUI" classname="qaclickacademy.SeleniumTest" time="0.003">
    <system-out><![CDATA[elementsUI
]]></system-out>
  </testcase>
  <testcase name="PostJira" classname="qaclickacademy.RestAPITest" time="0.01">
    <system-out><![CDATA[PostJira
]]></system-out>
  </testcase>
  <testcase name="deleteTwitter" classname="qaclickacademy.RestAPITest" time="0.002">
    <system-out><![CDATA[deleteTwitter
]]></system-out>
  </testcase>
</testsuite>